<?xml version="1.0" encoding="UTF-8"?>
<testsuite xmlns:xsi="http://www.w3.org/2001/XMLSchema-instance" xsi:noNamespaceSchemaLocation="https://maven.apache.org/surefire/maven-surefire-plugin/xsd/surefire-test-report-3.0.xsd" version="3.0" name="authservice.authservice.controller.UserControllerTest" time="2.594" tests="7" errors="0" skipped="0" failures="0">
  <properties>
[...]
</properties>
  <testcase name="testGetUserNotFound" classname="authservice.authservice.controller.UserControllerTest" time="0.06">
    <system-out><![CDATA[14:13:39.122 [main] INFO org.springframework.test.context.support.AnnotationConfigContextLoaderUtils -- Could not detect default configuration classes for test class [authservice.authservice.controller.UserControllerTest]: UserControllerTest does not declare any static, non-private, non-final, nested classes annotated with @Configuration.
14:13:39.175 [main] INFO org.springframework.boot.test.context.SpringBootTestContextBootstrapper -- Found @SpringBootConfiguration authservice.authservice.AuthServiceApplication for test class authservice.authservice.controller.UserControllerTest

  .   ____          _            __ _ _
 /\\ / ___'_ __ _ _(_)_ __  __ _ \ \ \ \
( ( )\___ | '_ | '_| | '_ \/ _` | \ \ \ \
 \\/  ___)| |_)| | | | | || (_| |  ) ) ) )
  '  |____| .__|_| |_|_| |_\__, | / / / /
 =========|_|==============|___/=/_/_/_/
 :: Spring Boot ::                (v3.2.2)

2024-02-03T14:13:39.336Z  INFO 42582 --- [           main] a.a.controller.UserControllerTest        : Starting UserControllerTest using Java 21.0.1 with PID 42582 (started by botirkhaltaev in /Users/botirkhaltaev/Desktop/travel.io/auth_service)
2024-02-03T14:13:39.336Z  INFO 42582 --- [           main] a.a.controller.UserControllerTest        : No active profile set, falling back to 1 default profile: "default"
2024-02-03T14:13:39.612Z  INFO 42582 --- [           main] .s.d.r.c.RepositoryConfigurationDelegate : Bootstrapping Spring Data JPA repositories in DEFAULT mode.
2024-02-03T14:13:39.633Z  INFO 42582 --- [           main] .s.d.r.c.RepositoryConfigurationDelegate : Finished Spring Data repository scanning in 18 ms. Found 1 JPA repository interface.
2024-02-03T14:13:40.352Z  INFO 42582 --- [           main] com.zaxxer.hikari.HikariDataSource       : HikariPool-1 - Starting...
2024-02-03T14:13:40.433Z  INFO 42582 --- [           main] com.zaxxer.hikari.pool.HikariPool        : HikariPool-1 - Added connection conn0: url=jdbc:h2:mem:testdb user=SA
2024-02-03T14:13:40.433Z  INFO 42582 --- [           main] com.zaxxer.hikari.HikariDataSource       : HikariPool-1 - Start completed.
2024-02-03T14:13:40.460Z  INFO 42582 --- [           main] o.hibernate.jpa.internal.util.LogHelper  : HHH000204: Processing PersistenceUnitInfo [name: default]
2024-02-03T14:13:40.489Z  INFO 42582 --- [           main] org.hibernate.Version                    : HHH000412: Hibernate ORM core version 6.4.1.Final
2024-02-03T14:13:40.508Z  INFO 42582 --- [           main] o.h.c.internal.RegionFactoryInitiator    : HHH000026: Second-level cache disabled
2024-02-03T14:13:40.562Z  INFO 42582 --- [           main] o.s.o.j.p.SpringPersistenceUnitInfo      : No LoadTimeWeaver setup: ignoring JPA class transformer
2024-02-03T14:13:40.583Z  WARN 42582 --- [           main] org.hibernate.orm.deprecation            : HHH90000025: H2Dialect does not need to be specified explicitly using 'hibernate.dialect' (remove the property setting and it will be selected by default)
2024-02-03T14:13:40.879Z  INFO 42582 --- [           main] o.h.e.t.j.p.i.JtaPlatformInitiator       : HHH000489: No JTA platform available (set 'hibernate.transaction.jta.platform' to enable JTA platform integration)
2024-02-03T14:13:40.895Z  INFO 42582 --- [           main] j.LocalContainerEntityManagerFactoryBean : Initialized JPA EntityManagerFactory for persistence unit 'default'
2024-02-03T14:13:41.116Z  WARN 42582 --- [           main] JpaBaseConfiguration$JpaWebConfiguration : spring.jpa.open-in-view is enabled by default. Therefore, database queries may be performed during view rendering. Explicitly configure spring.jpa.open-in-view to disable this warning
2024-02-03T14:13:41.124Z TRACE 42582 --- [           main] eGlobalAuthenticationAutowiredConfigurer : Eagerly initializing {OAuthSecurityConfig=authservice.authservice.config.OAuthSecurityConfig$$SpringCGLIB$$0@3cb376a3}
2024-02-03T14:13:41.290Z  INFO 42582 --- [           main] o.s.s.web.DefaultSecurityFilterChain     : Will secure any request with [org.springframework.security.web.session.DisableEncodeUrlFilter@25cef4b3, org.springframework.security.web.context.request.async.WebAsyncManagerIntegrationFilter@5e783f78, org.springframework.security.web.context.SecurityContextHolderFilter@48dc06a9, org.springframework.security.web.header.HeaderWriterFilter@6b8683b8, org.springframework.web.filter.CorsFilter@5bdef8ee, org.springframework.security.web.authentication.logout.LogoutFilter@10545d02, org.springframework.security.oauth2.client.web.OAuth2AuthorizationRequestRedirectFilter@599fab92, org.springframework.security.oauth2.client.web.OAuth2LoginAuthenticationFilter@535adf36, org.springframework.security.web.savedrequest.RequestCacheAwareFilter@726ee6cf, org.springframework.security.web.servletapi.SecurityContextHolderAwareRequestFilter@4a83d61c, org.springframework.security.web.authentication.AnonymousAuthenticationFilter@345d4ecb, org.springframework.security.web.access.ExceptionTranslationFilter@71eead09, org.springframework.security.web.access.intercept.AuthorizationFilter@6137dc84]
2024-02-03T14:13:41.472Z  INFO 42582 --- [           main] o.s.b.t.m.w.SpringBootMockServletContext : Initializing Spring TestDispatcherServlet ''
2024-02-03T14:13:41.473Z  INFO 42582 --- [           main] o.s.t.web.servlet.TestDispatcherServlet  : Initializing Servlet ''
2024-02-03T14:13:41.473Z  INFO 42582 --- [           main] o.s.t.web.servlet.TestDispatcherServlet  : Completed initialization in 0 ms
2024-02-03T14:13:41.484Z  INFO 42582 --- [           main] a.a.controller.UserControllerTest        : Started UserControllerTest in 2.25 seconds (process running for 2.71)
2024-02-03T14:13:41.510Z TRACE 42582 --- [           main] w.c.HttpSessionSecurityContextRepository : No HttpSession currently exists
2024-02-03T14:13:41.510Z TRACE 42582 --- [           main] w.c.HttpSessionSecurityContextRepository : Created SecurityContextImpl [Null authentication]
2024-02-03T14:13:41.511Z TRACE 42582 --- [           main] .s.s.w.c.SupplierDeferredSecurityContext : Created SecurityContextImpl [Null authentication]
2024-02-03T14:13:41.512Z DEBUG 42582 --- [           main] w.c.HttpSessionSecurityContextRepository : Created HttpSession as SecurityContext is non-default
2024-02-03T14:13:41.512Z DEBUG 42582 --- [           main] w.c.HttpSessionSecurityContextRepository : Stored SecurityContextImpl [Authentication=UsernamePasswordAuthenticationToken [Principal=org.springframework.security.core.userdetails.User [Username=testUser, Password=[PROTECTED], Enabled=true, AccountNonExpired=true, CredentialsNonExpired=true, AccountNonLocked=true, Granted Authorities=[ROLE_USER]], Credentials=[PROTECTED], Authenticated=true, Details=null, Granted Authorities=[ROLE_USER]]] to HttpSession [org.springframework.mock.web.MockHttpSession@505bc480]
2024-02-03T14:13:41.516Z TRACE 42582 --- [           main] o.s.security.web.FilterChainProxy        : Trying to match request against DefaultSecurityFilterChain [RequestMatcher=any request, Filters=[org.springframework.security.web.session.DisableEncodeUrlFilter@25cef4b3, org.springframework.security.web.context.request.async.WebAsyncManagerIntegrationFilter@5e783f78, org.springframework.security.web.context.SecurityContextHolderFilter@48dc06a9, org.springframework.security.web.header.HeaderWriterFilter@6b8683b8, org.springframework.web.filter.CorsFilter@5bdef8ee, org.springframework.security.web.authentication.logout.LogoutFilter@10545d02, org.springframework.security.oauth2.client.web.OAuth2AuthorizationRequestRedirectFilter@599fab92, org.springframework.security.oauth2.client.web.OAuth2LoginAuthenticationFilter@535adf36, org.springframework.security.web.savedrequest.RequestCacheAwareFilter@726ee6cf, org.springframework.security.web.servletapi.SecurityContextHolderAwareRequestFilter@4a83d61c, org.springframework.security.web.authentication.AnonymousAuthenticationFilter@345d4ecb, org.springframework.security.web.access.ExceptionTranslationFilter@71eead09, org.springframework.security.web.access.intercept.AuthorizationFilter@6137dc84]] (1/1)
2024-02-03T14:13:41.516Z DEBUG 42582 --- [           main] o.s.security.web.FilterChainProxy        : Securing GET /users/username
2024-02-03T14:13:41.517Z TRACE 42582 --- [           main] o.s.security.web.FilterChainProxy        : Invoking DisableEncodeUrlFilter (1/13)
2024-02-03T14:13:41.517Z TRACE 42582 --- [           main] o.s.security.web.FilterChainProxy        : Invoking WebAsyncManagerIntegrationFilter (2/13)
2024-02-03T14:13:41.517Z TRACE 42582 --- [           main] o.s.security.web.FilterChainProxy        : Invoking SecurityContextHolderFilter (3/13)
2024-02-03T14:13:41.518Z TRACE 42582 --- [           main] o.s.security.web.FilterChainProxy        : Invoking HeaderWriterFilter (4/13)
2024-02-03T14:13:41.518Z TRACE 42582 --- [           main] o.s.security.web.FilterChainProxy        : Invoking CorsFilter (5/13)
2024-02-03T14:13:41.518Z TRACE 42582 --- [           main] o.s.security.web.FilterChainProxy        : Invoking LogoutFilter (6/13)
2024-02-03T14:13:41.518Z TRACE 42582 --- [           main] o.s.s.w.a.logout.LogoutFilter            : Did not match request to Or [Ant [pattern='/logout', GET], Ant [pattern='/logout', POST], Ant [pattern='/logout', PUT], Ant [pattern='/logout', DELETE]]
2024-02-03T14:13:41.518Z TRACE 42582 --- [           main] o.s.security.web.FilterChainProxy        : Invoking OAuth2AuthorizationRequestRedirectFilter (7/13)
2024-02-03T14:13:41.518Z TRACE 42582 --- [           main] o.s.security.web.FilterChainProxy        : Invoking OAuth2LoginAuthenticationFilter (8/13)
2024-02-03T14:13:41.518Z TRACE 42582 --- [           main] .s.o.c.w.OAuth2LoginAuthenticationFilter : Did not match request to Ant [pattern='/login/oauth2/code/*']
2024-02-03T14:13:41.518Z TRACE 42582 --- [           main] o.s.security.web.FilterChainProxy        : Invoking RequestCacheAwareFilter (9/13)
2024-02-03T14:13:41.519Z TRACE 42582 --- [           main] o.s.s.w.s.HttpSessionRequestCache        : matchingRequestParameterName is required for getMatchingRequest to lookup a value, but not provided
2024-02-03T14:13:41.519Z TRACE 42582 --- [           main] o.s.security.web.FilterChainProxy        : Invoking SecurityContextHolderAwareRequestFilter (10/13)
2024-02-03T14:13:41.519Z TRACE 42582 --- [           main] o.s.security.web.FilterChainProxy        : Invoking AnonymousAuthenticationFilter (11/13)
2024-02-03T14:13:41.520Z TRACE 42582 --- [           main] o.s.security.web.FilterChainProxy        : Invoking ExceptionTranslationFilter (12/13)
2024-02-03T14:13:41.520Z TRACE 42582 --- [           main] o.s.security.web.FilterChainProxy        : Invoking AuthorizationFilter (13/13)
2024-02-03T14:13:41.520Z TRACE 42582 --- [           main] estMatcherDelegatingAuthorizationManager : Authorizing SecurityContextHolderAwareRequestWrapper[ org.springframework.security.web.header.HeaderWriterFilter$HeaderWriterRequest@aeb8ee2]
2024-02-03T14:13:41.520Z TRACE 42582 --- [           main] estMatcherDelegatingAuthorizationManager : Checking authorization on SecurityContextHolderAwareRequestWrapper[ org.springframework.security.web.header.HeaderWriterFilter$HeaderWriterRequest@aeb8ee2] using org.springframework.security.authorization.AuthenticatedAuthorizationManager@320ca97c
2024-02-03T14:13:41.520Z TRACE 42582 --- [           main] w.c.HttpSessionSecurityContextRepository : Retrieved SecurityContextImpl [Authentication=UsernamePasswordAuthenticationToken [Principal=org.springframework.security.core.userdetails.User [Username=testUser, Password=[PROTECTED], Enabled=true, AccountNonExpired=true, CredentialsNonExpired=true, AccountNonLocked=true, Granted Authorities=[ROLE_USER]], Credentials=[PROTECTED], Authenticated=true, Details=null, Granted Authorities=[ROLE_USER]]] from SPRING_SECURITY_CONTEXT
2024-02-03T14:13:41.520Z TRACE 42582 --- [           main] o.s.s.w.a.AnonymousAuthenticationFilter  : Did not set SecurityContextHolder since already authenticated UsernamePasswordAuthenticationToken [Principal=org.springframework.security.core.userdetails.User [Username=testUser, Password=[PROTECTED], Enabled=true, AccountNonExpired=true, CredentialsNonExpired=true, AccountNonLocked=true, Granted Authorities=[ROLE_USER]], Credentials=[PROTECTED], Authenticated=true, Details=null, Granted Authorities=[ROLE_USER]]
2024-02-03T14:13:41.520Z DEBUG 42582 --- [           main] o.s.security.web.FilterChainProxy        : Secured GET /users/username
2024-02-03T14:13:41.547Z TRACE 42582 --- [           main] o.s.s.w.header.writers.HstsHeaderWriter  : Not injecting HSTS header since it did not match request to [Is Secure]
]]></system-out>
    <system-err><![CDATA[WARNING: A Java agent has been loaded dynamically (/Users/botirkhaltaev/.m2/repository/net/bytebuddy/byte-buddy-agent/1.14.11/byte-buddy-agent-1.14.11.jar)
WARNING: If a serviceability tool is in use, please run with -XX:+EnableDynamicAgentLoading to hide this warning
WARNING: If a serviceability tool is not in use, please run with -Djdk.instrument.traceUsage for more information
WARNING: Dynamic loading of agents will be disallowed by default in a future release
]]></system-err>
  </testcase>
  <testcase name="testLoginUserUnauthorized" classname="authservice.authservice.controller.UserControllerTest" time="0.029">
    <system-out><![CDATA[2024-02-03T14:13:41.562Z TRACE 42582 --- [           main] w.c.HttpSessionSecurityContextRepository : No HttpSession currently exists
2024-02-03T14:13:41.562Z TRACE 42582 --- [           main] w.c.HttpSessionSecurityContextRepository : Created SecurityContextImpl [Null authentication]
2024-02-03T14:13:41.562Z TRACE 42582 --- [           main] .s.s.w.c.SupplierDeferredSecurityContext : Created SecurityContextImpl [Null authentication]
2024-02-03T14:13:41.562Z DEBUG 42582 --- [           main] w.c.HttpSessionSecurityContextRepository : Created HttpSession as SecurityContext is non-default
2024-02-03T14:13:41.562Z DEBUG 42582 --- [           main] w.c.HttpSessionSecurityContextRepository : Stored SecurityContextImpl [Authentication=UsernamePasswordAuthenticationToken [Principal=org.springframework.security.core.userdetails.User [Username=testUser, Password=[PROTECTED], Enabled=true, AccountNonExpired=true, CredentialsNonExpired=true, AccountNonLocked=true, Granted Authorities=[ROLE_USER]], Credentials=[PROTECTED], Authenticated=true, Details=null, Granted Authorities=[ROLE_USER]]] to HttpSession [org.springframework.mock.web.MockHttpSession@c1bcea1]
2024-02-03T14:13:41.563Z TRACE 42582 --- [           main] o.s.security.web.FilterChainProxy        : Trying to match request against DefaultSecurityFilterChain [RequestMatcher=any request, Filters=[org.springframework.security.web.session.DisableEncodeUrlFilter@25cef4b3, org.springframework.security.web.context.request.async.WebAsyncManagerIntegrationFilter@5e783f78, org.springframework.security.web.context.SecurityContextHolderFilter@48dc06a9, org.springframework.security.web.header.HeaderWriterFilter@6b8683b8, org.springframework.web.filter.CorsFilter@5bdef8ee, org.springframework.security.web.authentication.logout.LogoutFilter@10545d02, org.springframework.security.oauth2.client.web.OAuth2AuthorizationRequestRedirectFilter@599fab92, org.springframework.security.oauth2.client.web.OAuth2LoginAuthenticationFilter@535adf36, org.springframework.security.web.savedrequest.RequestCacheAwareFilter@726ee6cf, org.springframework.security.web.servletapi.SecurityContextHolderAwareRequestFilter@4a83d61c, org.springframework.security.web.authentication.AnonymousAuthenticationFilter@345d4ecb, org.springframework.security.web.access.ExceptionTranslationFilter@71eead09, org.springframework.security.web.access.intercept.AuthorizationFilter@6137dc84]] (1/1)
2024-02-03T14:13:41.563Z DEBUG 42582 --- [           main] o.s.security.web.FilterChainProxy        : Securing POST /users/login
2024-02-03T14:13:41.563Z TRACE 42582 --- [           main] o.s.security.web.FilterChainProxy        : Invoking DisableEncodeUrlFilter (1/13)
2024-02-03T14:13:41.563Z TRACE 42582 --- [           main] o.s.security.web.FilterChainProxy        : Invoking WebAsyncManagerIntegrationFilter (2/13)
2024-02-03T14:13:41.563Z TRACE 42582 --- [           main] o.s.security.web.FilterChainProxy        : Invoking SecurityContextHolderFilter (3/13)
2024-02-03T14:13:41.563Z TRACE 42582 --- [           main] o.s.security.web.FilterChainProxy        : Invoking HeaderWriterFilter (4/13)
2024-02-03T14:13:41.563Z TRACE 42582 --- [           main] o.s.security.web.FilterChainProxy        : Invoking CorsFilter (5/13)
2024-02-03T14:13:41.563Z TRACE 42582 --- [           main] o.s.security.web.FilterChainProxy        : Invoking LogoutFilter (6/13)
2024-02-03T14:13:41.563Z TRACE 42582 --- [           main] o.s.s.w.a.logout.LogoutFilter            : Did not match request to Or [Ant [pattern='/logout', GET], Ant [pattern='/logout', POST], Ant [pattern='/logout', PUT], Ant [pattern='/logout', DELETE]]
2024-02-03T14:13:41.563Z TRACE 42582 --- [           main] o.s.security.web.FilterChainProxy        : Invoking OAuth2AuthorizationRequestRedirectFilter (7/13)
2024-02-03T14:13:41.563Z TRACE 42582 --- [           main] o.s.security.web.FilterChainProxy        : Invoking OAuth2LoginAuthenticationFilter (8/13)
2024-02-03T14:13:41.563Z TRACE 42582 --- [           main] .s.o.c.w.OAuth2LoginAuthenticationFilter : Did not match request to Ant [pattern='/login/oauth2/code/*']
2024-02-03T14:13:41.563Z TRACE 42582 --- [           main] o.s.security.web.FilterChainProxy        : Invoking RequestCacheAwareFilter (9/13)
2024-02-03T14:13:41.563Z TRACE 42582 --- [           main] o.s.s.w.s.HttpSessionRequestCache        : matchingRequestParameterName is required for getMatchingRequest to lookup a value, but not provided
2024-02-03T14:13:41.563Z TRACE 42582 --- [           main] o.s.security.web.FilterChainProxy        : Invoking SecurityContextHolderAwareRequestFilter (10/13)
2024-02-03T14:13:41.563Z TRACE 42582 --- [           main] o.s.security.web.FilterChainProxy        : Invoking AnonymousAuthenticationFilter (11/13)
2024-02-03T14:13:41.563Z TRACE 42582 --- [           main] o.s.security.web.FilterChainProxy        : Invoking ExceptionTranslationFilter (12/13)
2024-02-03T14:13:41.563Z TRACE 42582 --- [           main] o.s.security.web.FilterChainProxy        : Invoking AuthorizationFilter (13/13)
2024-02-03T14:13:41.563Z TRACE 42582 --- [           main] estMatcherDelegatingAuthorizationManager : Authorizing SecurityContextHolderAwareRequestWrapper[ org.springframework.security.web.header.HeaderWriterFilter$HeaderWriterRequest@7bbab46e]
2024-02-03T14:13:41.564Z TRACE 42582 --- [           main] estMatcherDelegatingAuthorizationManager : Checking authorization on SecurityContextHolderAwareRequestWrapper[ org.springframework.security.web.header.HeaderWriterFilter$HeaderWriterRequest@7bbab46e] using org.springframework.security.config.annotation.web.configurers.AuthorizeHttpRequestsConfigurer$$Lambda/0x0000007001922fc0@4beec7a1
2024-02-03T14:13:41.564Z DEBUG 42582 --- [           main] o.s.security.web.FilterChainProxy        : Secured POST /users/login
2024-02-03T14:13:41.582Z TRACE 42582 --- [           main] w.c.HttpSessionSecurityContextRepository : Retrieved SecurityContextImpl [Authentication=UsernamePasswordAuthenticationToken [Principal=org.springframework.security.core.userdetails.User [Username=testUser, Password=[PROTECTED], Enabled=true, AccountNonExpired=true, CredentialsNonExpired=true, AccountNonLocked=true, Granted Authorities=[ROLE_USER]], Credentials=[PROTECTED], Authenticated=true, Details=null, Granted Authorities=[ROLE_USER]]] from SPRING_SECURITY_CONTEXT
2024-02-03T14:13:41.582Z TRACE 42582 --- [           main] o.s.s.w.a.AnonymousAuthenticationFilter  : Did not set SecurityContextHolder since already authenticated UsernamePasswordAuthenticationToken [Principal=org.springframework.security.core.userdetails.User [Username=testUser, Password=[PROTECTED], Enabled=true, AccountNonExpired=true, CredentialsNonExpired=true, AccountNonLocked=true, Granted Authorities=[ROLE_USER]], Credentials=[PROTECTED], Authenticated=true, Details=null, Granted Authorities=[ROLE_USER]]
2024-02-03T14:13:41.582Z TRACE 42582 --- [           main] o.s.s.w.header.writers.HstsHeaderWriter  : Not injecting HSTS header since it did not match request to [Is Secure]
]]></system-out>
  </testcase>
  <testcase name="testLoginUser" classname="authservice.authservice.controller.UserControllerTest" time="0.007">
    <system-out><![CDATA[2024-02-03T14:13:41.586Z TRACE 42582 --- [           main] w.c.HttpSessionSecurityContextRepository : No HttpSession currently exists
2024-02-03T14:13:41.586Z TRACE 42582 --- [           main] w.c.HttpSessionSecurityContextRepository : Created SecurityContextImpl [Null authentication]
2024-02-03T14:13:41.586Z TRACE 42582 --- [           main] .s.s.w.c.SupplierDeferredSecurityContext : Created SecurityContextImpl [Null authentication]
2024-02-03T14:13:41.586Z DEBUG 42582 --- [           main] w.c.HttpSessionSecurityContextRepository : Created HttpSession as SecurityContext is non-default
2024-02-03T14:13:41.586Z DEBUG 42582 --- [           main] w.c.HttpSessionSecurityContextRepository : Stored SecurityContextImpl [Authentication=UsernamePasswordAuthenticationToken [Principal=org.springframework.security.core.userdetails.User [Username=testUser, Password=[PROTECTED], Enabled=true, AccountNonExpired=true, CredentialsNonExpired=true, AccountNonLocked=true, Granted Authorities=[ROLE_USER]], Credentials=[PROTECTED], Authenticated=true, Details=null, Granted Authorities=[ROLE_USER]]] to HttpSession [org.springframework.mock.web.MockHttpSession@296a350]
2024-02-03T14:13:41.587Z TRACE 42582 --- [           main] o.s.security.web.FilterChainProxy        : Trying to match request against DefaultSecurityFilterChain [RequestMatcher=any request, Filters=[org.springframework.security.web.session.DisableEncodeUrlFilter@25cef4b3, org.springframework.security.web.context.request.async.WebAsyncManagerIntegrationFilter@5e783f78, org.springframework.security.web.context.SecurityContextHolderFilter@48dc06a9, org.springframework.security.web.header.HeaderWriterFilter@6b8683b8, org.springframework.web.filter.CorsFilter@5bdef8ee, org.springframework.security.web.authentication.logout.LogoutFilter@10545d02, org.springframework.security.oauth2.client.web.OAuth2AuthorizationRequestRedirectFilter@599fab92, org.springframework.security.oauth2.client.web.OAuth2LoginAuthenticationFilter@535adf36, org.springframework.security.web.savedrequest.RequestCacheAwareFilter@726ee6cf, org.springframework.security.web.servletapi.SecurityContextHolderAwareRequestFilter@4a83d61c, org.springframework.security.web.authentication.AnonymousAuthenticationFilter@345d4ecb, org.springframework.security.web.access.ExceptionTranslationFilter@71eead09, org.springframework.security.web.access.intercept.AuthorizationFilter@6137dc84]] (1/1)
2024-02-03T14:13:41.587Z DEBUG 42582 --- [           main] o.s.security.web.FilterChainProxy        : Securing POST /users/login
2024-02-03T14:13:41.587Z TRACE 42582 --- [           main] o.s.security.web.FilterChainProxy        : Invoking DisableEncodeUrlFilter (1/13)
2024-02-03T14:13:41.587Z TRACE 42582 --- [           main] o.s.security.web.FilterChainProxy        : Invoking WebAsyncManagerIntegrationFilter (2/13)
2024-02-03T14:13:41.587Z TRACE 42582 --- [           main] o.s.security.web.FilterChainProxy        : Invoking SecurityContextHolderFilter (3/13)
2024-02-03T14:13:41.587Z TRACE 42582 --- [           main] o.s.security.web.FilterChainProxy        : Invoking HeaderWriterFilter (4/13)
2024-02-03T14:13:41.587Z TRACE 42582 --- [           main] o.s.security.web.FilterChainProxy        : Invoking CorsFilter (5/13)
2024-02-03T14:13:41.587Z TRACE 42582 --- [           main] o.s.security.web.FilterChainProxy        : Invoking LogoutFilter (6/13)
2024-02-03T14:13:41.587Z TRACE 42582 --- [           main] o.s.s.w.a.logout.LogoutFilter            : Did not match request to Or [Ant [pattern='/logout', GET], Ant [pattern='/logout', POST], Ant [pattern='/logout', PUT], Ant [pattern='/logout', DELETE]]
2024-02-03T14:13:41.587Z TRACE 42582 --- [           main] o.s.security.web.FilterChainProxy        : Invoking OAuth2AuthorizationRequestRedirectFilter (7/13)
2024-02-03T14:13:41.587Z TRACE 42582 --- [           main] o.s.security.web.FilterChainProxy        : Invoking OAuth2LoginAuthenticationFilter (8/13)
2024-02-03T14:13:41.587Z TRACE 42582 --- [           main] .s.o.c.w.OAuth2LoginAuthenticationFilter : Did not match request to Ant [pattern='/login/oauth2/code/*']
2024-02-03T14:13:41.587Z TRACE 42582 --- [           main] o.s.security.web.FilterChainProxy        : Invoking RequestCacheAwareFilter (9/13)
2024-02-03T14:13:41.587Z TRACE 42582 --- [           main] o.s.s.w.s.HttpSessionRequestCache        : matchingRequestParameterName is required for getMatchingRequest to lookup a value, but not provided
2024-02-03T14:13:41.587Z TRACE 42582 --- [           main] o.s.security.web.FilterChainProxy        : Invoking SecurityContextHolderAwareRequestFilter (10/13)
2024-02-03T14:13:41.587Z TRACE 42582 --- [           main] o.s.security.web.FilterChainProxy        : Invoking AnonymousAuthenticationFilter (11/13)
2024-02-03T14:13:41.587Z TRACE 42582 --- [           main] o.s.security.web.FilterChainProxy        : Invoking ExceptionTranslationFilter (12/13)
2024-02-03T14:13:41.587Z TRACE 42582 --- [           main] o.s.security.web.FilterChainProxy        : Invoking AuthorizationFilter (13/13)
2024-02-03T14:13:41.587Z TRACE 42582 --- [           main] estMatcherDelegatingAuthorizationManager : Authorizing SecurityContextHolderAwareRequestWrapper[ org.springframework.security.web.header.HeaderWriterFilter$HeaderWriterRequest@4f3a8e3e]
2024-02-03T14:13:41.587Z TRACE 42582 --- [           main] estMatcherDelegatingAuthorizationManager : Checking authorization on SecurityContextHolderAwareRequestWrapper[ org.springframework.security.web.header.HeaderWriterFilter$HeaderWriterRequest@4f3a8e3e] using org.springframework.security.config.annotation.web.configurers.AuthorizeHttpRequestsConfigurer$$Lambda/0x0000007001922fc0@4beec7a1
2024-02-03T14:13:41.587Z DEBUG 42582 --- [           main] o.s.security.web.FilterChainProxy        : Secured POST /users/login
2024-02-03T14:13:41.589Z TRACE 42582 --- [           main] w.c.HttpSessionSecurityContextRepository : Retrieved SecurityContextImpl [Authentication=UsernamePasswordAuthenticationToken [Principal=org.springframework.security.core.userdetails.User [Username=testUser, Password=[PROTECTED], Enabled=true, AccountNonExpired=true, CredentialsNonExpired=true, AccountNonLocked=true, Granted Authorities=[ROLE_USER]], Credentials=[PROTECTED], Authenticated=true, Details=null, Granted Authorities=[ROLE_USER]]] from SPRING_SECURITY_CONTEXT
2024-02-03T14:13:41.589Z TRACE 42582 --- [           main] o.s.s.w.a.AnonymousAuthenticationFilter  : Did not set SecurityContextHolder since already authenticated UsernamePasswordAuthenticationToken [Principal=org.springframework.security.core.userdetails.User [Username=testUser, Password=[PROTECTED], Enabled=true, AccountNonExpired=true, CredentialsNonExpired=true, AccountNonLocked=true, Granted Authorities=[ROLE_USER]], Credentials=[PROTECTED], Authenticated=true, Details=null, Granted Authorities=[ROLE_USER]]
2024-02-03T14:13:41.589Z TRACE 42582 --- [           main] o.s.s.w.header.writers.HstsHeaderWriter  : Not injecting HSTS header since it did not match request to [Is Secure]
]]></system-out>
  </testcase>
  <testcase name="testRegisterUser" classname="authservice.authservice.controller.UserControllerTest" time="0.012">
    <system-out><![CDATA[2024-02-03T14:13:41.594Z TRACE 42582 --- [           main] w.c.HttpSessionSecurityContextRepository : No HttpSession currently exists
2024-02-03T14:13:41.594Z TRACE 42582 --- [           main] w.c.HttpSessionSecurityContextRepository : Created SecurityContextImpl [Null authentication]
2024-02-03T14:13:41.594Z TRACE 42582 --- [           main] .s.s.w.c.SupplierDeferredSecurityContext : Created SecurityContextImpl [Null authentication]
2024-02-03T14:13:41.594Z DEBUG 42582 --- [           main] w.c.HttpSessionSecurityContextRepository : Created HttpSession as SecurityContext is non-default
2024-02-03T14:13:41.594Z DEBUG 42582 --- [           main] w.c.HttpSessionSecurityContextRepository : Stored SecurityContextImpl [Authentication=UsernamePasswordAuthenticationToken [Principal=org.springframework.security.core.userdetails.User [Username=testUser, Password=[PROTECTED], Enabled=true, AccountNonExpired=true, CredentialsNonExpired=true, AccountNonLocked=true, Granted Authorities=[ROLE_USER]], Credentials=[PROTECTED], Authenticated=true, Details=null, Granted Authorities=[ROLE_USER]]] to HttpSession [org.springframework.mock.web.MockHttpSession@2812368]
2024-02-03T14:13:41.594Z TRACE 42582 --- [           main] o.s.security.web.FilterChainProxy        : Trying to match request against DefaultSecurityFilterChain [RequestMatcher=any request, Filters=[org.springframework.security.web.session.DisableEncodeUrlFilter@25cef4b3, org.springframework.security.web.context.request.async.WebAsyncManagerIntegrationFilter@5e783f78, org.springframework.security.web.context.SecurityContextHolderFilter@48dc06a9, org.springframework.security.web.header.HeaderWriterFilter@6b8683b8, org.springframework.web.filter.CorsFilter@5bdef8ee, org.springframework.security.web.authentication.logout.LogoutFilter@10545d02, org.springframework.security.oauth2.client.web.OAuth2AuthorizationRequestRedirectFilter@599fab92, org.springframework.security.oauth2.client.web.OAuth2LoginAuthenticationFilter@535adf36, org.springframework.security.web.savedrequest.RequestCacheAwareFilter@726ee6cf, org.springframework.security.web.servletapi.SecurityContextHolderAwareRequestFilter@4a83d61c, org.springframework.security.web.authentication.AnonymousAuthenticationFilter@345d4ecb, org.springframework.security.web.access.ExceptionTranslationFilter@71eead09, org.springframework.security.web.access.intercept.AuthorizationFilter@6137dc84]] (1/1)
2024-02-03T14:13:41.594Z DEBUG 42582 --- [           main] o.s.security.web.FilterChainProxy        : Securing POST /users/register
2024-02-03T14:13:41.594Z TRACE 42582 --- [           main] o.s.security.web.FilterChainProxy        : Invoking DisableEncodeUrlFilter (1/13)
2024-02-03T14:13:41.594Z TRACE 42582 --- [           main] o.s.security.web.FilterChainProxy        : Invoking WebAsyncManagerIntegrationFilter (2/13)
2024-02-03T14:13:41.594Z TRACE 42582 --- [           main] o.s.security.web.FilterChainProxy        : Invoking SecurityContextHolderFilter (3/13)
2024-02-03T14:13:41.594Z TRACE 42582 --- [           main] o.s.security.web.FilterChainProxy        : Invoking HeaderWriterFilter (4/13)
2024-02-03T14:13:41.594Z TRACE 42582 --- [           main] o.s.security.web.FilterChainProxy        : Invoking CorsFilter (5/13)
2024-02-03T14:13:41.594Z TRACE 42582 --- [           main] o.s.security.web.FilterChainProxy        : Invoking LogoutFilter (6/13)
2024-02-03T14:13:41.594Z TRACE 42582 --- [           main] o.s.s.w.a.logout.LogoutFilter            : Did not match request to Or [Ant [pattern='/logout', GET], Ant [pattern='/logout', POST], Ant [pattern='/logout', PUT], Ant [pattern='/logout', DELETE]]
2024-02-03T14:13:41.594Z TRACE 42582 --- [           main] o.s.security.web.FilterChainProxy        : Invoking OAuth2AuthorizationRequestRedirectFilter (7/13)
2024-02-03T14:13:41.594Z TRACE 42582 --- [           main] o.s.security.web.FilterChainProxy        : Invoking OAuth2LoginAuthenticationFilter (8/13)
2024-02-03T14:13:41.594Z TRACE 42582 --- [           main] .s.o.c.w.OAuth2LoginAuthenticationFilter : Did not match request to Ant [pattern='/login/oauth2/code/*']
2024-02-03T14:13:41.594Z TRACE 42582 --- [           main] o.s.security.web.FilterChainProxy        : Invoking RequestCacheAwareFilter (9/13)
2024-02-03T14:13:41.594Z TRACE 42582 --- [           main] o.s.s.w.s.HttpSessionRequestCache        : matchingRequestParameterName is required for getMatchingRequest to lookup a value, but not provided
2024-02-03T14:13:41.594Z TRACE 42582 --- [           main] o.s.security.web.FilterChainProxy        : Invoking SecurityContextHolderAwareRequestFilter (10/13)
2024-02-03T14:13:41.594Z TRACE 42582 --- [           main] o.s.security.web.FilterChainProxy        : Invoking AnonymousAuthenticationFilter (11/13)
2024-02-03T14:13:41.594Z TRACE 42582 --- [           main] o.s.security.web.FilterChainProxy        : Invoking ExceptionTranslationFilter (12/13)
2024-02-03T14:13:41.594Z TRACE 42582 --- [           main] o.s.security.web.FilterChainProxy        : Invoking AuthorizationFilter (13/13)
2024-02-03T14:13:41.595Z TRACE 42582 --- [           main] estMatcherDelegatingAuthorizationManager : Authorizing SecurityContextHolderAwareRequestWrapper[ org.springframework.security.web.header.HeaderWriterFilter$HeaderWriterRequest@50e336d9]
2024-02-03T14:13:41.595Z TRACE 42582 --- [           main] estMatcherDelegatingAuthorizationManager : Checking authorization on SecurityContextHolderAwareRequestWrapper[ org.springframework.security.web.header.HeaderWriterFilter$HeaderWriterRequest@50e336d9] using org.springframework.security.authorization.AuthenticatedAuthorizationManager@320ca97c
2024-02-03T14:13:41.595Z TRACE 42582 --- [           main] w.c.HttpSessionSecurityContextRepository : Retrieved SecurityContextImpl [Authentication=UsernamePasswordAuthenticationToken [Principal=org.springframework.security.core.userdetails.User [Username=testUser, Password=[PROTECTED], Enabled=true, AccountNonExpired=true, CredentialsNonExpired=true, AccountNonLocked=true, Granted Authorities=[ROLE_USER]], Credentials=[PROTECTED], Authenticated=true, Details=null, Granted Authorities=[ROLE_USER]]] from SPRING_SECURITY_CONTEXT
2024-02-03T14:13:41.595Z TRACE 42582 --- [           main] o.s.s.w.a.AnonymousAuthenticationFilter  : Did not set SecurityContextHolder since already authenticated UsernamePasswordAuthenticationToken [Principal=org.springframework.security.core.userdetails.User [Username=testUser, Password=[PROTECTED], Enabled=true, AccountNonExpired=true, CredentialsNonExpired=true, AccountNonLocked=true, Granted Authorities=[ROLE_USER]], Credentials=[PROTECTED], Authenticated=true, Details=null, Granted Authorities=[ROLE_USER]]
2024-02-03T14:13:41.595Z DEBUG 42582 --- [           main] o.s.security.web.FilterChainProxy        : Secured POST /users/register
2024-02-03T14:13:41.597Z TRACE 42582 --- [           main] o.s.s.w.header.writers.HstsHeaderWriter  : Not injecting HSTS header since it did not match request to [Is Secure]
]]></system-out>
  </testcase>
  <testcase name="testGetUser" classname="authservice.authservice.controller.UserControllerTest" time="0.005">
    <system-out><![CDATA[2024-02-03T14:13:41.606Z TRACE 42582 --- [           main] w.c.HttpSessionSecurityContextRepository : No HttpSession currently exists
2024-02-03T14:13:41.606Z TRACE 42582 --- [           main] w.c.HttpSessionSecurityContextRepository : Created SecurityContextImpl [Null authentication]
2024-02-03T14:13:41.606Z TRACE 42582 --- [           main] .s.s.w.c.SupplierDeferredSecurityContext : Created SecurityContextImpl [Null authentication]
2024-02-03T14:13:41.606Z DEBUG 42582 --- [           main] w.c.HttpSessionSecurityContextRepository : Created HttpSession as SecurityContext is non-default
2024-02-03T14:13:41.606Z DEBUG 42582 --- [           main] w.c.HttpSessionSecurityContextRepository : Stored SecurityContextImpl [Authentication=UsernamePasswordAuthenticationToken [Principal=org.springframework.security.core.userdetails.User [Username=testUser, Password=[PROTECTED], Enabled=true, AccountNonExpired=true, CredentialsNonExpired=true, AccountNonLocked=true, Granted Authorities=[ROLE_USER]], Credentials=[PROTECTED], Authenticated=true, Details=null, Granted Authorities=[ROLE_USER]]] to HttpSession [org.springframework.mock.web.MockHttpSession@3e7c66b3]
2024-02-03T14:13:41.606Z TRACE 42582 --- [           main] o.s.security.web.FilterChainProxy        : Trying to match request against DefaultSecurityFilterChain [RequestMatcher=any request, Filters=[org.springframework.security.web.session.DisableEncodeUrlFilter@25cef4b3, org.springframework.security.web.context.request.async.WebAsyncManagerIntegrationFilter@5e783f78, org.springframework.security.web.context.SecurityContextHolderFilter@48dc06a9, org.springframework.security.web.header.HeaderWriterFilter@6b8683b8, org.springframework.web.filter.CorsFilter@5bdef8ee, org.springframework.security.web.authentication.logout.LogoutFilter@10545d02, org.springframework.security.oauth2.client.web.OAuth2AuthorizationRequestRedirectFilter@599fab92, org.springframework.security.oauth2.client.web.OAuth2LoginAuthenticationFilter@535adf36, org.springframework.security.web.savedrequest.RequestCacheAwareFilter@726ee6cf, org.springframework.security.web.servletapi.SecurityContextHolderAwareRequestFilter@4a83d61c, org.springframework.security.web.authentication.AnonymousAuthenticationFilter@345d4ecb, org.springframework.security.web.access.ExceptionTranslationFilter@71eead09, org.springframework.security.web.access.intercept.AuthorizationFilter@6137dc84]] (1/1)
2024-02-03T14:13:41.606Z DEBUG 42582 --- [           main] o.s.security.web.FilterChainProxy        : Securing GET /users/username
2024-02-03T14:13:41.606Z TRACE 42582 --- [           main] o.s.security.web.FilterChainProxy        : Invoking DisableEncodeUrlFilter (1/13)
2024-02-03T14:13:41.606Z TRACE 42582 --- [           main] o.s.security.web.FilterChainProxy        : Invoking WebAsyncManagerIntegrationFilter (2/13)
2024-02-03T14:13:41.607Z TRACE 42582 --- [           main] o.s.security.web.FilterChainProxy        : Invoking SecurityContextHolderFilter (3/13)
2024-02-03T14:13:41.607Z TRACE 42582 --- [           main] o.s.security.web.FilterChainProxy        : Invoking HeaderWriterFilter (4/13)
2024-02-03T14:13:41.607Z TRACE 42582 --- [           main] o.s.security.web.FilterChainProxy        : Invoking CorsFilter (5/13)
2024-02-03T14:13:41.607Z TRACE 42582 --- [           main] o.s.security.web.FilterChainProxy        : Invoking LogoutFilter (6/13)
2024-02-03T14:13:41.607Z TRACE 42582 --- [           main] o.s.s.w.a.logout.LogoutFilter            : Did not match request to Or [Ant [pattern='/logout', GET], Ant [pattern='/logout', POST], Ant [pattern='/logout', PUT], Ant [pattern='/logout', DELETE]]
2024-02-03T14:13:41.607Z TRACE 42582 --- [           main] o.s.security.web.FilterChainProxy        : Invoking OAuth2AuthorizationRequestRedirectFilter (7/13)
2024-02-03T14:13:41.607Z TRACE 42582 --- [           main] o.s.security.web.FilterChainProxy        : Invoking OAuth2LoginAuthenticationFilter (8/13)
2024-02-03T14:13:41.607Z TRACE 42582 --- [           main] .s.o.c.w.OAuth2LoginAuthenticationFilter : Did not match request to Ant [pattern='/login/oauth2/code/*']
2024-02-03T14:13:41.607Z TRACE 42582 --- [           main] o.s.security.web.FilterChainProxy        : Invoking RequestCacheAwareFilter (9/13)
2024-02-03T14:13:41.607Z TRACE 42582 --- [           main] o.s.s.w.s.HttpSessionRequestCache        : matchingRequestParameterName is required for getMatchingRequest to lookup a value, but not provided
2024-02-03T14:13:41.607Z TRACE 42582 --- [           main] o.s.security.web.FilterChainProxy        : Invoking SecurityContextHolderAwareRequestFilter (10/13)
2024-02-03T14:13:41.607Z TRACE 42582 --- [           main] o.s.security.web.FilterChainProxy        : Invoking AnonymousAuthenticationFilter (11/13)
2024-02-03T14:13:41.607Z TRACE 42582 --- [           main] o.s.security.web.FilterChainProxy        : Invoking ExceptionTranslationFilter (12/13)
2024-02-03T14:13:41.607Z TRACE 42582 --- [           main] o.s.security.web.FilterChainProxy        : Invoking AuthorizationFilter (13/13)
2024-02-03T14:13:41.607Z TRACE 42582 --- [           main] estMatcherDelegatingAuthorizationManager : Authorizing SecurityContextHolderAwareRequestWrapper[ org.springframework.security.web.header.HeaderWriterFilter$HeaderWriterRequest@502f6f6a]
2024-02-03T14:13:41.607Z TRACE 42582 --- [           main] estMatcherDelegatingAuthorizationManager : Checking authorization on SecurityContextHolderAwareRequestWrapper[ org.springframework.security.web.header.HeaderWriterFilter$HeaderWriterRequest@502f6f6a] using org.springframework.security.authorization.AuthenticatedAuthorizationManager@320ca97c
2024-02-03T14:13:41.607Z TRACE 42582 --- [           main] w.c.HttpSessionSecurityContextRepository : Retrieved SecurityContextImpl [Authentication=UsernamePasswordAuthenticationToken [Principal=org.springframework.security.core.userdetails.User [Username=testUser, Password=[PROTECTED], Enabled=true, AccountNonExpired=true, CredentialsNonExpired=true, AccountNonLocked=true, Granted Authorities=[ROLE_USER]], Credentials=[PROTECTED], Authenticated=true, Details=null, Granted Authorities=[ROLE_USER]]] from SPRING_SECURITY_CONTEXT
2024-02-03T14:13:41.607Z TRACE 42582 --- [           main] o.s.s.w.a.AnonymousAuthenticationFilter  : Did not set SecurityContextHolder since already authenticated UsernamePasswordAuthenticationToken [Principal=org.springframework.security.core.userdetails.User [Username=testUser, Password=[PROTECTED], Enabled=true, AccountNonExpired=true, CredentialsNonExpired=true, AccountNonLocked=true, Granted Authorities=[ROLE_USER]], Credentials=[PROTECTED], Authenticated=true, Details=null, Granted Authorities=[ROLE_USER]]
2024-02-03T14:13:41.607Z DEBUG 42582 --- [           main] o.s.security.web.FilterChainProxy        : Secured GET /users/username
2024-02-03T14:13:41.608Z TRACE 42582 --- [           main] o.s.s.w.header.writers.HstsHeaderWriter  : Not injecting HSTS header since it did not match request to [Is Secure]
]]></system-out>
  </testcase>
  <testcase name="testGetUserByUsername" classname="authservice.authservice.controller.UserControllerTest" time="0.004">
    <system-out><![CDATA[2024-02-03T14:13:41.611Z TRACE 42582 --- [           main] w.c.HttpSessionSecurityContextRepository : No HttpSession currently exists
2024-02-03T14:13:41.611Z TRACE 42582 --- [           main] w.c.HttpSessionSecurityContextRepository : Created SecurityContextImpl [Null authentication]
2024-02-03T14:13:41.611Z TRACE 42582 --- [           main] .s.s.w.c.SupplierDeferredSecurityContext : Created SecurityContextImpl [Null authentication]
2024-02-03T14:13:41.611Z DEBUG 42582 --- [           main] w.c.HttpSessionSecurityContextRepository : Created HttpSession as SecurityContext is non-default
2024-02-03T14:13:41.611Z DEBUG 42582 --- [           main] w.c.HttpSessionSecurityContextRepository : Stored SecurityContextImpl [Authentication=UsernamePasswordAuthenticationToken [Principal=org.springframework.security.core.userdetails.User [Username=testUser, Password=[PROTECTED], Enabled=true, AccountNonExpired=true, CredentialsNonExpired=true, AccountNonLocked=true, Granted Authorities=[ROLE_USER]], Credentials=[PROTECTED], Authenticated=true, Details=null, Granted Authorities=[ROLE_USER]]] to HttpSession [org.springframework.mock.web.MockHttpSession@4a0dd851]
2024-02-03T14:13:41.611Z TRACE 42582 --- [           main] o.s.security.web.FilterChainProxy        : Trying to match request against DefaultSecurityFilterChain [RequestMatcher=any request, Filters=[org.springframework.security.web.session.DisableEncodeUrlFilter@25cef4b3, org.springframework.security.web.context.request.async.WebAsyncManagerIntegrationFilter@5e783f78, org.springframework.security.web.context.SecurityContextHolderFilter@48dc06a9, org.springframework.security.web.header.HeaderWriterFilter@6b8683b8, org.springframework.web.filter.CorsFilter@5bdef8ee, org.springframework.security.web.authentication.logout.LogoutFilter@10545d02, org.springframework.security.oauth2.client.web.OAuth2AuthorizationRequestRedirectFilter@599fab92, org.springframework.security.oauth2.client.web.OAuth2LoginAuthenticationFilter@535adf36, org.springframework.security.web.savedrequest.RequestCacheAwareFilter@726ee6cf, org.springframework.security.web.servletapi.SecurityContextHolderAwareRequestFilter@4a83d61c, org.springframework.security.web.authentication.AnonymousAuthenticationFilter@345d4ecb, org.springframework.security.web.access.ExceptionTranslationFilter@71eead09, org.springframework.security.web.access.intercept.AuthorizationFilter@6137dc84]] (1/1)
2024-02-03T14:13:41.612Z DEBUG 42582 --- [           main] o.s.security.web.FilterChainProxy        : Securing GET /users/username
2024-02-03T14:13:41.612Z TRACE 42582 --- [           main] o.s.security.web.FilterChainProxy        : Invoking DisableEncodeUrlFilter (1/13)
2024-02-03T14:13:41.612Z TRACE 42582 --- [           main] o.s.security.web.FilterChainProxy        : Invoking WebAsyncManagerIntegrationFilter (2/13)
2024-02-03T14:13:41.612Z TRACE 42582 --- [           main] o.s.security.web.FilterChainProxy        : Invoking SecurityContextHolderFilter (3/13)
2024-02-03T14:13:41.612Z TRACE 42582 --- [           main] o.s.security.web.FilterChainProxy        : Invoking HeaderWriterFilter (4/13)
2024-02-03T14:13:41.612Z TRACE 42582 --- [           main] o.s.security.web.FilterChainProxy        : Invoking CorsFilter (5/13)
2024-02-03T14:13:41.612Z TRACE 42582 --- [           main] o.s.security.web.FilterChainProxy        : Invoking LogoutFilter (6/13)
2024-02-03T14:13:41.612Z TRACE 42582 --- [           main] o.s.s.w.a.logout.LogoutFilter            : Did not match request to Or [Ant [pattern='/logout', GET], Ant [pattern='/logout', POST], Ant [pattern='/logout', PUT], Ant [pattern='/logout', DELETE]]
2024-02-03T14:13:41.612Z TRACE 42582 --- [           main] o.s.security.web.FilterChainProxy        : Invoking OAuth2AuthorizationRequestRedirectFilter (7/13)
2024-02-03T14:13:41.612Z TRACE 42582 --- [           main] o.s.security.web.FilterChainProxy        : Invoking OAuth2LoginAuthenticationFilter (8/13)
2024-02-03T14:13:41.612Z TRACE 42582 --- [           main] .s.o.c.w.OAuth2LoginAuthenticationFilter : Did not match request to Ant [pattern='/login/oauth2/code/*']
2024-02-03T14:13:41.612Z TRACE 42582 --- [           main] o.s.security.web.FilterChainProxy        : Invoking RequestCacheAwareFilter (9/13)
2024-02-03T14:13:41.612Z TRACE 42582 --- [           main] o.s.s.w.s.HttpSessionRequestCache        : matchingRequestParameterName is required for getMatchingRequest to lookup a value, but not provided
2024-02-03T14:13:41.612Z TRACE 42582 --- [           main] o.s.security.web.FilterChainProxy        : Invoking SecurityContextHolderAwareRequestFilter (10/13)
2024-02-03T14:13:41.612Z TRACE 42582 --- [           main] o.s.security.web.FilterChainProxy        : Invoking AnonymousAuthenticationFilter (11/13)
2024-02-03T14:13:41.612Z TRACE 42582 --- [           main] o.s.security.web.FilterChainProxy        : Invoking ExceptionTranslationFilter (12/13)
2024-02-03T14:13:41.612Z TRACE 42582 --- [           main] o.s.security.web.FilterChainProxy        : Invoking AuthorizationFilter (13/13)
2024-02-03T14:13:41.612Z TRACE 42582 --- [           main] estMatcherDelegatingAuthorizationManager : Authorizing SecurityContextHolderAwareRequestWrapper[ org.springframework.security.web.header.HeaderWriterFilter$HeaderWriterRequest@293dd4b3]
2024-02-03T14:13:41.612Z TRACE 42582 --- [           main] estMatcherDelegatingAuthorizationManager : Checking authorization on SecurityContextHolderAwareRequestWrapper[ org.springframework.security.web.header.HeaderWriterFilter$HeaderWriterRequest@293dd4b3] using org.springframework.security.authorization.AuthenticatedAuthorizationManager@320ca97c
2024-02-03T14:13:41.612Z TRACE 42582 --- [           main] w.c.HttpSessionSecurityContextRepository : Retrieved SecurityContextImpl [Authentication=UsernamePasswordAuthenticationToken [Principal=org.springframework.security.core.userdetails.User [Username=testUser, Password=[PROTECTED], Enabled=true, AccountNonExpired=true, CredentialsNonExpired=true, AccountNonLocked=true, Granted Authorities=[ROLE_USER]], Credentials=[PROTECTED], Authenticated=true, Details=null, Granted Authorities=[ROLE_USER]]] from SPRING_SECURITY_CONTEXT
2024-02-03T14:13:41.612Z TRACE 42582 --- [           main] o.s.s.w.a.AnonymousAuthenticationFilter  : Did not set SecurityContextHolder since already authenticated UsernamePasswordAuthenticationToken [Principal=org.springframework.security.core.userdetails.User [Username=testUser, Password=[PROTECTED], Enabled=true, AccountNonExpired=true, CredentialsNonExpired=true, AccountNonLocked=true, Granted Authorities=[ROLE_USER]], Credentials=[PROTECTED], Authenticated=true, Details=null, Granted Authorities=[ROLE_USER]]
2024-02-03T14:13:41.612Z DEBUG 42582 --- [           main] o.s.security.web.FilterChainProxy        : Secured GET /users/username
2024-02-03T14:13:41.613Z TRACE 42582 --- [           main] o.s.s.w.header.writers.HstsHeaderWriter  : Not injecting HSTS header since it did not match request to [Is Secure]
]]></system-out>
  </testcase>
  <testcase name="testRegisterUserAlreadyExists" classname="authservice.authservice.controller.UserControllerTest" time="0.005">
    <system-out><![CDATA[2024-02-03T14:13:41.617Z TRACE 42582 --- [           main] w.c.HttpSessionSecurityContextRepository : No HttpSession currently exists
2024-02-03T14:13:41.617Z TRACE 42582 --- [           main] w.c.HttpSessionSecurityContextRepository : Created SecurityContextImpl [Null authentication]
2024-02-03T14:13:41.617Z TRACE 42582 --- [           main] .s.s.w.c.SupplierDeferredSecurityContext : Created SecurityContextImpl [Null authentication]
2024-02-03T14:13:41.617Z DEBUG 42582 --- [           main] w.c.HttpSessionSecurityContextRepository : Created HttpSession as SecurityContext is non-default
2024-02-03T14:13:41.617Z DEBUG 42582 --- [           main] w.c.HttpSessionSecurityContextRepository : Stored SecurityContextImpl [Authentication=UsernamePasswordAuthenticationToken [Principal=org.springframework.security.core.userdetails.User [Username=testUser, Password=[PROTECTED], Enabled=true, AccountNonExpired=true, CredentialsNonExpired=true, AccountNonLocked=true, Granted Authorities=[ROLE_USER]], Credentials=[PROTECTED], Authenticated=true, Details=null, Granted Authorities=[ROLE_USER]]] to HttpSession [org.springframework.mock.web.MockHttpSession@326320bb]
2024-02-03T14:13:41.617Z TRACE 42582 --- [           main] o.s.security.web.FilterChainProxy        : Trying to match request against DefaultSecurityFilterChain [RequestMatcher=any request, Filters=[org.springframework.security.web.session.DisableEncodeUrlFilter@25cef4b3, org.springframework.security.web.context.request.async.WebAsyncManagerIntegrationFilter@5e783f78, org.springframework.security.web.context.SecurityContextHolderFilter@48dc06a9, org.springframework.security.web.header.HeaderWriterFilter@6b8683b8, org.springframework.web.filter.CorsFilter@5bdef8ee, org.springframework.security.web.authentication.logout.LogoutFilter@10545d02, org.springframework.security.oauth2.client.web.OAuth2AuthorizationRequestRedirectFilter@599fab92, org.springframework.security.oauth2.client.web.OAuth2LoginAuthenticationFilter@535adf36, org.springframework.security.web.savedrequest.RequestCacheAwareFilter@726ee6cf, org.springframework.security.web.servletapi.SecurityContextHolderAwareRequestFilter@4a83d61c, org.springframework.security.web.authentication.AnonymousAuthenticationFilter@345d4ecb, org.springframework.security.web.access.ExceptionTranslationFilter@71eead09, org.springframework.security.web.access.intercept.AuthorizationFilter@6137dc84]] (1/1)
2024-02-03T14:13:41.617Z DEBUG 42582 --- [           main] o.s.security.web.FilterChainProxy        : Securing POST /users/register
2024-02-03T14:13:41.617Z TRACE 42582 --- [           main] o.s.security.web.FilterChainProxy        : Invoking DisableEncodeUrlFilter (1/13)
2024-02-03T14:13:41.617Z TRACE 42582 --- [           main] o.s.security.web.FilterChainProxy        : Invoking WebAsyncManagerIntegrationFilter (2/13)
2024-02-03T14:13:41.617Z TRACE 42582 --- [           main] o.s.security.web.FilterChainProxy        : Invoking SecurityContextHolderFilter (3/13)
2024-02-03T14:13:41.617Z TRACE 42582 --- [           main] o.s.security.web.FilterChainProxy        : Invoking HeaderWriterFilter (4/13)
2024-02-03T14:13:41.617Z TRACE 42582 --- [           main] o.s.security.web.FilterChainProxy        : Invoking CorsFilter (5/13)
2024-02-03T14:13:41.617Z TRACE 42582 --- [           main] o.s.security.web.FilterChainProxy        : Invoking LogoutFilter (6/13)
2024-02-03T14:13:41.618Z TRACE 42582 --- [           main] o.s.s.w.a.logout.LogoutFilter            : Did not match request to Or [Ant [pattern='/logout', GET], Ant [pattern='/logout', POST], Ant [pattern='/logout', PUT], Ant [pattern='/logout', DELETE]]
2024-02-03T14:13:41.618Z TRACE 42582 --- [           main] o.s.security.web.FilterChainProxy        : Invoking OAuth2AuthorizationRequestRedirectFilter (7/13)
2024-02-03T14:13:41.618Z TRACE 42582 --- [           main] o.s.security.web.FilterChainProxy        : Invoking OAuth2LoginAuthenticationFilter (8/13)
2024-02-03T14:13:41.618Z TRACE 42582 --- [           main] .s.o.c.w.OAuth2LoginAuthenticationFilter : Did not match request to Ant [pattern='/login/oauth2/code/*']
2024-02-03T14:13:41.618Z TRACE 42582 --- [           main] o.s.security.web.FilterChainProxy        : Invoking RequestCacheAwareFilter (9/13)
2024-02-03T14:13:41.618Z TRACE 42582 --- [           main] o.s.s.w.s.HttpSessionRequestCache        : matchingRequestParameterName is required for getMatchingRequest to lookup a value, but not provided
2024-02-03T14:13:41.618Z TRACE 42582 --- [           main] o.s.security.web.FilterChainProxy        : Invoking SecurityContextHolderAwareRequestFilter (10/13)
2024-02-03T14:13:41.618Z TRACE 42582 --- [           main] o.s.security.web.FilterChainProxy        : Invoking AnonymousAuthenticationFilter (11/13)
2024-02-03T14:13:41.618Z TRACE 42582 --- [           main] o.s.security.web.FilterChainProxy        : Invoking ExceptionTranslationFilter (12/13)
2024-02-03T14:13:41.618Z TRACE 42582 --- [           main] o.s.security.web.FilterChainProxy        : Invoking AuthorizationFilter (13/13)
2024-02-03T14:13:41.618Z TRACE 42582 --- [           main] estMatcherDelegatingAuthorizationManager : Authorizing SecurityContextHolderAwareRequestWrapper[ org.springframework.security.web.header.HeaderWriterFilter$HeaderWriterRequest@57573880]
2024-02-03T14:13:41.618Z TRACE 42582 --- [           main] estMatcherDelegatingAuthorizationManager : Checking authorization on SecurityContextHolderAwareRequestWrapper[ org.springframework.security.web.header.HeaderWriterFilter$HeaderWriterRequest@57573880] using org.springframework.security.authorization.AuthenticatedAuthorizationManager@320ca97c
2024-02-03T14:13:41.618Z TRACE 42582 --- [           main] w.c.HttpSessionSecurityContextRepository : Retrieved SecurityContextImpl [Authentication=UsernamePasswordAuthenticationToken [Principal=org.springframework.security.core.userdetails.User [Username=testUser, Password=[PROTECTED], Enabled=true, AccountNonExpired=true, CredentialsNonExpired=true, AccountNonLocked=true, Granted Authorities=[ROLE_USER]], Credentials=[PROTECTED], Authenticated=true, Details=null, Granted Authorities=[ROLE_USER]]] from SPRING_SECURITY_CONTEXT
2024-02-03T14:13:41.618Z TRACE 42582 --- [           main] o.s.s.w.a.AnonymousAuthenticationFilter  : Did not set SecurityContextHolder since already authenticated UsernamePasswordAuthenticationToken [Principal=org.springframework.security.core.userdetails.User [Username=testUser, Password=[PROTECTED], Enabled=true, AccountNonExpired=true, CredentialsNonExpired=true, AccountNonLocked=true, Granted Authorities=[ROLE_USER]], Credentials=[PROTECTED], Authenticated=true, Details=null, Granted Authorities=[ROLE_USER]]
2024-02-03T14:13:41.618Z DEBUG 42582 --- [           main] o.s.security.web.FilterChainProxy        : Secured POST /users/register
2024-02-03T14:13:41.619Z TRACE 42582 --- [           main] o.s.s.w.header.writers.HstsHeaderWriter  : Not injecting HSTS header since it did not match request to [Is Secure]
]]></system-out>
  </testcase>
</testsuite>